<?xml version="1.0" encoding="UTF-8"?>
<testsuite xmlns:xsi="http://www.w3.org/2001/XMLSchema-instance" xsi:noNamespaceSchemaLocation="https://maven.apache.org/surefire/maven-surefire-plugin/xsd/surefire-test-report.xsd" name="MainTestSuite" time="0.074" tests="14" errors="0" skipped="0" failures="0">
  <properties>
[...]
</properties>
  <testcase name="takeCardTest" classname="cards.CardDeckTest" time="0.017"/>
  <testcase name="addCardTest" classname="cards.CardDeckTest" time="0.001"/>
  <testcase name="getDeckNumberTest" classname="cards.CardDeckTest" time="0"/>
  <testcase name="getAndSetDeckContentTest" classname="cards.CardDeckTest" time="0.002"/>
  <testcase name="checkPackAndPlayersTest" classname="cards.CardGameTest" time="0.001"/>
  <testcase name="getPackValidTest" classname="cards.PackTest" time="0.003"/>
  <testcase name="getValueTest" classname="cards.CardTest" time="0.001"/>
  <testcase name="getDeckFromNumberTest" classname="cards.PlayerTest" time="0.002"/>
  <testcase name="getAndSetHandTest" classname="cards.PlayerTest" time="0"/>
  <testcase name="playerWonTest" classname="cards.PlayerTest" time="0"/>
  <testcase name="discardCardTest" classname="cards.PlayerTest" time="0"/>
  <testcase name="getAndSetPickUpDeckTest" classname="cards.PlayerTest" time="0.001"/>
  <testcase name="getPlayerNumberTest" classname="cards.PlayerTest" time="0.001"/>
  <testcase name="getAndSetDiscardDeckTest" classname="cards.PlayerTest" time="0"/>
</testsuite>